#
# There is insufficient memory for the Java Runtime Environment to continue.
# Native memory allocation (malloc) failed to allocate 1774096 bytes for Chunk::new
# Possible reasons:
#   The system is out of physical RAM or swap space
#   The process is running with CompressedOops enabled, and the Java Heap may be blocking the growth of the native heap
# Possible solutions:
#   Reduce memory load on the system
#   Increase physical memory or swap space
#   Check if swap backing store is full
#   Decrease Java heap size (-Xmx/-Xms)
#   Decrease number of Java threads
#   Decrease Java thread stack sizes (-Xss)
#   Set larger code cache with -XX:ReservedCodeCacheSize=
#   JVM is running with Unscaled Compressed Oops mode in which the Java heap is
#     placed in the first 4GB address space. The Java Heap base address is the
#     maximum limit for the native heap growth. Please use -XX:HeapBaseMinAddress
#     to set the Java Heap base and to place the Java Heap above 4GB virtual address.
# This output file may be truncated or incomplete.
#
#  Out of Memory Error (t:/workspace/open/src/hotspot/share/memory/arena.cpp:196), pid=12132, tid=2052
#
# JRE version: Java(TM) SE Runtime Environment (13.0+33) (build 13+33)
# Java VM: Java HotSpot(TM) 64-Bit Server VM (13+33, mixed mode, sharing, tiered, compressed oops, g1 gc, windows-amd64)
# No core dump will be written. Minidumps are not enabled by default on client versions of Windows
#

---------------  S U M M A R Y ------------

Command Line: -ea -Dfile.encoding=UTF-8 org.eclipse.jdt.internal.junit.runner.RemoteTestRunner -version 3 -port 61837 -testLoaderClass org.eclipse.jdt.internal.junit5.runner.JUnit5TestLoader -loaderpluginname org.eclipse.jdt.junit5.runtime -test com.fr.adaming.web.controller.impl.BienControllerImplTest:ListValidBien_shouldNotReturnEmptyList

Host: Intel(R) Core(TM) i5-6200U CPU @ 2.30GHz, 4 cores, 7G,  Windows 10 , 64 bit Build 17763 (10.0.17763.475)
Time: Tue Nov 19 14:30:03 2019 Paris, Madrid elapsed time: 8 seconds (0d 0h 0m 8s)

---------------  T H R E A D  ---------------

Current thread (0x0000012ffee05800):  JavaThread "C2 CompilerThread1" daemon [_thread_in_native, id=2052, stack(0x0000002931c00000,0x0000002931d00000)]


Current CompileTask:
C2:   8108 4423       4       jdk.internal.loader.BuiltinClassLoader::defineClass (121 bytes)

Stack: [0x0000002931c00000,0x0000002931d00000]
Native frames: (J=compiled Java code, j=interpreted, Vv=VM code, C=native code)
V  [jvm.dll+0x626eaa]
V  [jvm.dll+0x772c4a]
V  [jvm.dll+0x7743ff]
V  [jvm.dll+0x774a03]
V  [jvm.dll+0x24da38]
V  [jvm.dll+0xc3ae7]
V  [jvm.dll+0xc406c]
V  [jvm.dll+0x35de55]
V  [jvm.dll+0x329573]
V  [jvm.dll+0x32894a]
V  [jvm.dll+0x2078c7]
V  [jvm.dll+0x206adf]
V  [jvm.dll+0x18b94c]
V  [jvm.dll+0x2159bd]
V  [jvm.dll+0x213e6b]
V  [jvm.dll+0x738af6]
V  [jvm.dll+0x731bea]
V  [jvm.dll+0x6260a6]
C  [ucrtbase.dll+0x21ffa]
C  [KERNEL32.DLL+0x17974]
C  [ntdll.dll+0x6a271]


---------------  P R O C E S S  ---------------

Threads class SMR info:
_java_thread_list=0x0000012f80a4b660, length=16, elements={
0x0000012fdcc70000, 0x0000012ffd270800, 0x0000012ffd274000, 0x0000012ffd28c800,
0x0000012ffd28e800, 0x0000012ffd292000, 0x0000012ffd29e800, 0x0000012ffd2a8000,
0x0000012ffdcfc800, 0x0000012ffdd00000, 0x0000012ffe40f000, 0x0000012ffee05800,
0x0000012ffeaf6800, 0x0000012f8230d000, 0x0000012f80a39800, 0x0000012ffe2d3800
}

Java Threads: ( => current thread )
  0x0000012fdcc70000 JavaThread "main" [_thread_in_Java, id=13976, stack(0x0000002930500000,0x0000002930600000)]
  0x0000012ffd270800 JavaThread "Reference Handler" daemon [_thread_blocked, id=4636, stack(0x0000002930c00000,0x0000002930d00000)]
  0x0000012ffd274000 JavaThread "Finalizer" daemon [_thread_blocked, id=5324, stack(0x0000002930d00000,0x0000002930e00000)]
  0x0000012ffd28c800 JavaThread "Signal Dispatcher" daemon [_thread_blocked, id=10996, stack(0x0000002930e00000,0x0000002930f00000)]
  0x0000012ffd28e800 JavaThread "Attach Listener" daemon [_thread_blocked, id=13680, stack(0x0000002930f00000,0x0000002931000000)]
  0x0000012ffd292000 JavaThread "C2 CompilerThread0" daemon [_thread_in_native, id=4176, stack(0x0000002931000000,0x0000002931100000)]
  0x0000012ffd29e800 JavaThread "C1 CompilerThread0" daemon [_thread_in_native, id=10748, stack(0x0000002931100000,0x0000002931200000)]
  0x0000012ffd2a8000 JavaThread "Sweeper thread" daemon [_thread_blocked, id=5056, stack(0x0000002931200000,0x0000002931300000)]
  0x0000012ffdcfc800 JavaThread "Service Thread" daemon [_thread_blocked, id=4908, stack(0x0000002931300000,0x0000002931400000)]
  0x0000012ffdd00000 JavaThread "Common-Cleaner" daemon [_thread_blocked, id=3944, stack(0x0000002931500000,0x0000002931600000)]
  0x0000012ffe40f000 JavaThread "ReaderThread" [_thread_in_native, id=1864, stack(0x0000002931600000,0x0000002931700000)]
=>0x0000012ffee05800 JavaThread "C2 CompilerThread1" daemon [_thread_in_native, id=2052, stack(0x0000002931c00000,0x0000002931d00000)]
  0x0000012ffeaf6800 JavaThread "Log4j2-TF-4-Scheduled-2" daemon [_thread_blocked, id=6280, stack(0x0000002931d00000,0x0000002931e00000)]
  0x0000012f8230d000 JavaThread "mysql-cj-abandoned-connection-cleanup" daemon [_thread_blocked, id=12872, stack(0x0000002931a00000,0x0000002931b00000)]
  0x0000012f80a39800 JavaThread "HikariPool-1 housekeeper" daemon [_thread_blocked, id=13964, stack(0x0000002931b00000,0x0000002931c00000)]
  0x0000012ffe2d3800 JavaThread "HikariPool-1 connection adder" daemon [_thread_blocked, id=10008, stack(0x0000002931e00000,0x0000002931f00000)]

Other Threads:
  0x0000012ffd26f000 VMThread "VM Thread" [stack: 0x0000002930b00000,0x0000002930c00000] [id=13028]
  0x0000012ffdd12800 WatcherThread [stack: 0x0000002931400000,0x0000002931500000] [id=12564]
  0x0000012fdccb3000 GCTaskThread "GC Thread#0" [stack: 0x0000002930600000,0x0000002930700000] [id=14024]
  0x0000012ffe20d800 GCTaskThread "GC Thread#1" [stack: 0x0000002931700000,0x0000002931800000] [id=11664]
  0x0000012ffe68f800 GCTaskThread "GC Thread#2" [stack: 0x0000002931800000,0x0000002931900000] [id=13088]
  0x0000012ffe62a000 GCTaskThread "GC Thread#3" [stack: 0x0000002931900000,0x0000002931a00000] [id=9492]
  0x0000012fdccc6000 ConcurrentGCThread "G1 Main Marker" [stack: 0x0000002930700000,0x0000002930800000] [id=10928]
  0x0000012fdccc7800 ConcurrentGCThread "G1 Conc#0" [stack: 0x0000002930800000,0x0000002930900000] [id=9416]
  0x0000012ffd0ef800 ConcurrentGCThread "G1 Refine#0" [stack: 0x0000002930900000,0x0000002930a00000] [id=6856]
  0x0000012ffd0f3800 ConcurrentGCThread "G1 Young RemSet Sampling" [stack: 0x0000002930a00000,0x0000002930b00000] [id=6248]

Threads with active compile tasks:
C2 CompilerThread0     8158 4425   !   4       jdk.internal.loader.BuiltinClassLoader::findClassOnClassPathOrNull (64 bytes)
C2 CompilerThread1     8158 4423       4       jdk.internal.loader.BuiltinClassLoader::defineClass (121 bytes)

VM state:not at safepoint (normal execution)

VM Mutex/Monitor currently owned by a thread: None

Heap address: 0x0000000081800000, size: 2024 MB, Compressed Oops mode: 32-bit
Narrow klass base: 0x0000000800000000, Narrow klass shift: 3
Compressed class space size: 1073741824 Address: 0x0000000800b40000

Heap:
 garbage-first heap   total 78848K, used 26305K [0x0000000081800000, 0x0000000100000000)
  region size 1024K, 9 young (9216K), 3 survivors (3072K)
 Metaspace       used 52293K, capacity 53447K, committed 53532K, reserved 1095680K
  class space    used 7005K, capacity 7441K, committed 7472K, reserved 1048576K
Heap Regions: E=young(eden), S=young(survivor), O=old, HS=humongous(starts), HC=humongous(continues), CS=collection set, F=free, A=archive, TAMS=top-at-mark-start (previous, next)
|   0|0x0000000081800000, 0x0000000081900000, 0x0000000081900000|100%|HS|  |TAMS 0x0000000081900000, 0x0000000081800000| Complete 
|   1|0x0000000081900000, 0x0000000081a00000, 0x0000000081a00000|100%| O|  |TAMS 0x0000000081a00000, 0x0000000081900000| Untracked 
|   2|0x0000000081a00000, 0x0000000081b00000, 0x0000000081b00000|100%| O|  |TAMS 0x0000000081b00000, 0x0000000081a00000| Untracked 
|   3|0x0000000081b00000, 0x0000000081c00000, 0x0000000081c00000|100%| O|  |TAMS 0x0000000081c00000, 0x0000000081b00000| Untracked 
|   4|0x0000000081c00000, 0x0000000081d00000, 0x0000000081d00000|100%| O|  |TAMS 0x0000000081d00000, 0x0000000081c00000| Untracked 
|   5|0x0000000081d00000, 0x0000000081e00000, 0x0000000081e00000|100%| O|  |TAMS 0x0000000081e00000, 0x0000000081d00000| Untracked 
|   6|0x0000000081e00000, 0x0000000081e9de00, 0x0000000081f00000| 61%| O|  |TAMS 0x0000000081e9de00, 0x0000000081e00000| Untracked 
|   7|0x0000000081f00000, 0x0000000082000000, 0x0000000082000000|100%| O|  |TAMS 0x0000000082000000, 0x0000000081f00000| Untracked 
|   8|0x0000000082000000, 0x0000000082100000, 0x0000000082100000|100%| O|  |TAMS 0x0000000082100000, 0x0000000082000000| Untracked 
|   9|0x0000000082100000, 0x0000000082200000, 0x0000000082200000|100%| O|  |TAMS 0x0000000082200000, 0x0000000082100000| Untracked 
|  10|0x0000000082200000, 0x0000000082300000, 0x0000000082300000|100%| O|  |TAMS 0x0000000082300000, 0x0000000082200000| Untracked 
|  11|0x0000000082300000, 0x0000000082400000, 0x0000000082400000|100%| O|  |TAMS 0x0000000082400000, 0x0000000082300000| Untracked 
|  12|0x0000000082400000, 0x0000000082500000, 0x0000000082500000|100%| O|  |TAMS 0x00000000824af000, 0x0000000082400000| Untracked 
|  13|0x0000000082500000, 0x0000000082600000, 0x0000000082600000|100%| O|  |TAMS 0x0000000082500000, 0x0000000082500000| Untracked 
|  14|0x0000000082600000, 0x0000000082700000, 0x0000000082700000|100%| O|  |TAMS 0x0000000082600000, 0x0000000082600000| Untracked 
|  15|0x0000000082700000, 0x0000000082800000, 0x0000000082800000|100%| O|  |TAMS 0x0000000082700000, 0x0000000082700000| Untracked 
|  16|0x0000000082800000, 0x0000000082900000, 0x0000000082900000|100%| O|  |TAMS 0x0000000082800000, 0x0000000082800000| Untracked 
|  17|0x0000000082900000, 0x0000000082a00000, 0x0000000082a00000|100%| O|  |TAMS 0x0000000082900000, 0x0000000082900000| Untracked 
|  18|0x0000000082a00000, 0x0000000082a39e00, 0x0000000082b00000| 22%| O|  |TAMS 0x0000000082a00000, 0x0000000082a00000| Untracked 
|  19|0x0000000082b00000, 0x0000000082b00000, 0x0000000082c00000|  0%| F|  |TAMS 0x0000000082b00000, 0x0000000082b00000| Untracked 
|  20|0x0000000082c00000, 0x0000000082c00000, 0x0000000082d00000|  0%| F|  |TAMS 0x0000000082c00000, 0x0000000082c00000| Untracked 
|  21|0x0000000082d00000, 0x0000000082d00000, 0x0000000082e00000|  0%| F|  |TAMS 0x0000000082d00000, 0x0000000082d00000| Untracked 
|  22|0x0000000082e00000, 0x0000000082e00000, 0x0000000082f00000|  0%| F|  |TAMS 0x0000000082e00000, 0x0000000082e00000| Untracked 
|  23|0x0000000082f00000, 0x0000000082f00000, 0x0000000083000000|  0%| F|  |TAMS 0x0000000082f00000, 0x0000000082f00000| Untracked 
|  24|0x0000000083000000, 0x0000000083000000, 0x0000000083100000|  0%| F|  |TAMS 0x0000000083000000, 0x0000000083000000| Untracked 
|  25|0x0000000083100000, 0x0000000083100000, 0x0000000083200000|  0%| F|  |TAMS 0x0000000083100000, 0x0000000083100000| Untracked 
|  26|0x0000000083200000, 0x0000000083200000, 0x0000000083300000|  0%| F|  |TAMS 0x0000000083200000, 0x0000000083200000| Untracked 
|  27|0x0000000083300000, 0x0000000083300000, 0x0000000083400000|  0%| F|  |TAMS 0x0000000083300000, 0x0000000083300000| Untracked 
|  28|0x0000000083400000, 0x0000000083400000, 0x0000000083500000|  0%| F|  |TAMS 0x0000000083400000, 0x0000000083400000| Untracked 
|  29|0x0000000083500000, 0x0000000083500000, 0x0000000083600000|  0%| F|  |TAMS 0x0000000083500000, 0x0000000083500000| Untracked 
|  30|0x0000000083600000, 0x0000000083600000, 0x0000000083700000|  0%| F|  |TAMS 0x0000000083600000, 0x0000000083600000| Untracked 
|  31|0x0000000083700000, 0x0000000083700000, 0x0000000083800000|  0%| F|  |TAMS 0x0000000083700000, 0x0000000083700000| Untracked 
|  32|0x0000000083800000, 0x0000000083800000, 0x0000000083900000|  0%| F|  |TAMS 0x0000000083800000, 0x0000000083800000| Untracked 
|  33|0x0000000083900000, 0x0000000083900000, 0x0000000083a00000|  0%| F|  |TAMS 0x0000000083900000, 0x0000000083900000| Untracked 
|  34|0x0000000083a00000, 0x0000000083a00000, 0x0000000083b00000|  0%| F|  |TAMS 0x0000000083a00000, 0x0000000083a00000| Untracked 
|  35|0x0000000083b00000, 0x0000000083b00000, 0x0000000083c00000|  0%| F|  |TAMS 0x0000000083b00000, 0x0000000083b00000| Untracked 
|  36|0x0000000083c00000, 0x0000000083c00000, 0x0000000083d00000|  0%| F|  |TAMS 0x0000000083c00000, 0x0000000083c00000| Untracked 
|  37|0x0000000083d00000, 0x0000000083dd8af8, 0x0000000083e00000| 84%| S|CS|TAMS 0x0000000083d00000, 0x0000000083d00000| Complete 
|  38|0x0000000083e00000, 0x0000000083f00000, 0x0000000083f00000|100%| S|CS|TAMS 0x0000000083e00000, 0x0000000083e00000| Complete 
|  39|0x0000000083f00000, 0x0000000084000000, 0x0000000084000000|100%| S|CS|TAMS 0x0000000083f00000, 0x0000000083f00000| Complete 
|  40|0x0000000084000000, 0x0000000084000000, 0x0000000084100000|  0%| F|  |TAMS 0x0000000084000000, 0x0000000084000000| Untracked 
|  41|0x0000000084100000, 0x0000000084100000, 0x0000000084200000|  0%| F|  |TAMS 0x0000000084100000, 0x0000000084100000| Untracked 
|  42|0x0000000084200000, 0x0000000084200000, 0x0000000084300000|  0%| F|  |TAMS 0x0000000084200000, 0x0000000084200000| Untracked 
|  43|0x0000000084300000, 0x0000000084300000, 0x0000000084400000|  0%| F|  |TAMS 0x0000000084300000, 0x0000000084300000| Untracked 
|  44|0x0000000084400000, 0x0000000084400000, 0x0000000084500000|  0%| F|  |TAMS 0x0000000084400000, 0x0000000084400000| Untracked 
|  45|0x0000000084500000, 0x0000000084500000, 0x0000000084600000|  0%| F|  |TAMS 0x0000000084500000, 0x0000000084500000| Untracked 
|  46|0x0000000084600000, 0x0000000084600000, 0x0000000084700000|  0%| F|  |TAMS 0x0000000084600000, 0x0000000084600000| Untracked 
|  47|0x0000000084700000, 0x0000000084700000, 0x0000000084800000|  0%| F|  |TAMS 0x0000000084700000, 0x0000000084700000| Untracked 
|  48|0x0000000084800000, 0x0000000084800000, 0x0000000084900000|  0%| F|  |TAMS 0x0000000084800000, 0x0000000084800000| Untracked 
|  49|0x0000000084900000, 0x0000000084900000, 0x0000000084a00000|  0%| F|  |TAMS 0x0000000084900000, 0x0000000084900000| Untracked 
|  50|0x0000000084a00000, 0x0000000084a00000, 0x0000000084b00000|  0%| F|  |TAMS 0x0000000084a00000, 0x0000000084a00000| Untracked 
|  51|0x0000000084b00000, 0x0000000084b00000, 0x0000000084c00000|  0%| F|  |TAMS 0x0000000084b00000, 0x0000000084b00000| Untracked 
|  52|0x0000000084c00000, 0x0000000084c00000, 0x0000000084d00000|  0%| F|  |TAMS 0x0000000084c00000, 0x0000000084c00000| Untracked 
|  53|0x0000000084d00000, 0x0000000084d00000, 0x0000000084e00000|  0%| F|  |TAMS 0x0000000084d00000, 0x0000000084d00000| Untracked 
|  54|0x0000000084e00000, 0x0000000084e00000, 0x0000000084f00000|  0%| F|  |TAMS 0x0000000084e00000, 0x0000000084e00000| Untracked 
|  55|0x0000000084f00000, 0x0000000084f00000, 0x0000000085000000|  0%| F|  |TAMS 0x0000000084f00000, 0x0000000084f00000| Untracked 
|  56|0x0000000085000000, 0x0000000085000000, 0x0000000085100000|  0%| F|  |TAMS 0x0000000085000000, 0x0000000085000000| Untracked 
|  57|0x0000000085100000, 0x0000000085100000, 0x0000000085200000|  0%| F|  |TAMS 0x0000000085100000, 0x0000000085100000| Untracked 
|  58|0x0000000085200000, 0x0000000085200000, 0x0000000085300000|  0%| F|  |TAMS 0x0000000085200000, 0x0000000085200000| Untracked 
|  59|0x0000000085300000, 0x0000000085300000, 0x0000000085400000|  0%| F|  |TAMS 0x0000000085300000, 0x0000000085300000| Untracked 
|  60|0x0000000085400000, 0x0000000085400000, 0x0000000085500000|  0%| F|  |TAMS 0x0000000085400000, 0x0000000085400000| Untracked 
|  61|0x0000000085500000, 0x0000000085500000, 0x0000000085600000|  0%| F|  |TAMS 0x0000000085500000, 0x0000000085500000| Untracked 
|  62|0x0000000085600000, 0x0000000085600000, 0x0000000085700000|  0%| F|  |TAMS 0x0000000085600000, 0x0000000085600000| Untracked 
|  63|0x0000000085700000, 0x0000000085700000, 0x0000000085800000|  0%| F|  |TAMS 0x0000000085700000, 0x0000000085700000| Untracked 
|  64|0x0000000085800000, 0x0000000085800000, 0x0000000085900000|  0%| F|  |TAMS 0x0000000085800000, 0x0000000085800000| Untracked 
|  65|0x0000000085900000, 0x0000000085900000, 0x0000000085a00000|  0%| F|  |TAMS 0x0000000085900000, 0x0000000085900000| Untracked 
|  66|0x0000000085a00000, 0x0000000085a00000, 0x0000000085b00000|  0%| F|  |TAMS 0x0000000085a00000, 0x0000000085a00000| Untracked 
|  67|0x0000000085b00000, 0x0000000085b00000, 0x0000000085c00000|  0%| F|  |TAMS 0x0000000085b00000, 0x0000000085b00000| Untracked 
|  68|0x0000000085c00000, 0x0000000085c00000, 0x0000000085d00000|  0%| F|  |TAMS 0x0000000085c00000, 0x0000000085c00000| Untracked 
|  69|0x0000000085d00000, 0x0000000085d00000, 0x0000000085e00000|  0%| F|  |TAMS 0x0000000085d00000, 0x0000000085d00000| Untracked 
|  70|0x0000000085e00000, 0x0000000085e00000, 0x0000000085f00000|  0%| F|  |TAMS 0x0000000085e00000, 0x0000000085e00000| Untracked 
|  90|0x0000000087200000, 0x0000000087280800, 0x0000000087300000| 50%| E|  |TAMS 0x0000000087200000, 0x0000000087200000| Complete 
|  91|0x0000000087300000, 0x0000000087400000, 0x0000000087400000|100%| E|CS|TAMS 0x0000000087300000, 0x0000000087300000| Complete 
|  92|0x0000000087400000, 0x0000000087500000, 0x0000000087500000|100%| E|CS|TAMS 0x0000000087400000, 0x0000000087400000| Complete 
|  93|0x0000000087500000, 0x0000000087600000, 0x0000000087600000|100%| E|CS|TAMS 0x0000000087500000, 0x0000000087500000| Complete 
|  94|0x0000000087600000, 0x0000000087700000, 0x0000000087700000|100%| E|CS|TAMS 0x0000000087600000, 0x0000000087600000| Complete 
| 127|0x0000000089700000, 0x0000000089800000, 0x0000000089800000|100%| E|CS|TAMS 0x0000000089700000, 0x0000000089700000| Complete 

Card table byte_map: [0x0000012ff64e0000,0x0000012ff68e0000] _byte_map_base: 0x0000012ff60d4000

Marking Bits (Prev, Next): (CMBitMap*) 0x0000012fdccb49d8, (CMBitMap*) 0x0000012fdccb4a18
 Prev Bits: [0x0000012ff6ce0000, 0x0000012ff8c80000)
 Next Bits: [0x0000012ff8c80000, 0x0000012ffac20000)

Polling page: 0x0000012fde4e0000

Metaspace:

Usage:
  Non-class:     44.93 MB capacity,    44.23 MB ( 98%) used,   572.16 KB (  1%) free+waste,   144.81 KB ( <1%) overhead. 
      Class:      7.27 MB capacity,     6.84 MB ( 94%) used,   367.47 KB (  5%) free+waste,    68.38 KB ( <1%) overhead. 
       Both:     52.19 MB capacity,    51.07 MB ( 98%) used,   939.63 KB (  2%) free+waste,   213.19 KB ( <1%) overhead. 

Virtual space:
  Non-class space:       46.00 MB reserved,      44.98 MB ( 98%) committed 
      Class space:        1.00 GB reserved,       7.30 MB ( <1%) committed 
             Both:        1.04 GB reserved,      52.28 MB (  5%) committed 

Chunk freelists:
   Non-Class:  54.00 KB
       Class:  15.00 KB
        Both:  69.00 KB

MaxMetaspaceSize: 17179869184.00 GB
CompressedClassSpaceSize: 1.00 GB

CodeHeap 'non-profiled nmethods': size=120064Kb used=2374Kb max_used=2374Kb free=117689Kb
 bounds [0x0000012fee3f0000, 0x0000012fee660000, 0x0000012ff5930000]
CodeHeap 'profiled nmethods': size=120000Kb used=9841Kb max_used=9841Kb free=110158Kb
 bounds [0x0000012fe6ec0000, 0x0000012fe7860000, 0x0000012fee3f0000]
CodeHeap 'non-nmethods': size=5696Kb used=1336Kb max_used=1392Kb free=4359Kb
 bounds [0x0000012fe6930000, 0x0000012fe6ba0000, 0x0000012fe6ec0000]
 total_blobs=6447 nmethods=4223 adapters=533
 compilation: enabled
              stopped_count=0, restarted_count=0
 full_count=0

Compilation events (20 events):
Event: 8.075 Thread 0x0000012ffd29e800 4509   !   3       jdk.internal.loader.AbstractClassLoaderValue::computeIfAbsent (113 bytes)
Event: 8.077 Thread 0x0000012ffd29e800 nmethod 4509 0x0000012fe7835490 code [0x0000012fe7835740, 0x0000012fe7836810]
Event: 8.079 Thread 0x0000012ffd29e800 4510       3       sun.reflect.generics.scope.AbstractScope::<init> (10 bytes)
Event: 8.079 Thread 0x0000012ffd29e800 nmethod 4510 0x0000012fe7836e10 code [0x0000012fe7836fc0, 0x0000012fe78371f8]
Event: 8.082 Thread 0x0000012ffd29e800 4511       3       java.util.TreeMap$EntrySet::iterator (19 bytes)
Event: 8.083 Thread 0x0000012ffd29e800 nmethod 4511 0x0000012fe7837290 code [0x0000012fe7837480, 0x0000012fe7837a38]
Event: 8.083 Thread 0x0000012ffd29e800 4512       3       java.util.TreeMap$EntryIterator::<init> (12 bytes)
Event: 8.083 Thread 0x0000012ffd29e800 nmethod 4512 0x0000012fe7837c10 code [0x0000012fe7837dc0, 0x0000012fe7838158]
Event: 8.083 Thread 0x0000012ffd29e800 4513       3       java.beans.PropertyDescriptor::getPropertyEditorClass (22 bytes)
Event: 8.083 Thread 0x0000012ffd29e800 nmethod 4513 0x0000012fe7838290 code [0x0000012fe7838460, 0x0000012fe7838810]
Event: 8.088 Thread 0x0000012ffd29e800 4514  s    3       java.beans.PropertyDescriptor::setReadMethod (22 bytes)
Event: 8.089 Thread 0x0000012ffd29e800 nmethod 4514 0x0000012fe7838910 code [0x0000012fe7838b20, 0x0000012fe7839220]
Event: 8.089 Thread 0x0000012ffd29e800 4515  s    3       java.beans.PropertyDescriptor::setWriteMethod (19 bytes)
Event: 8.089 Thread 0x0000012ffd29e800 nmethod 4515 0x0000012fe7839410 code [0x0000012fe7839620, 0x0000012fe7839da0]
Event: 8.092 Thread 0x0000012ffd29e800 4517       3       sun.reflect.generics.factory.CoreReflectionFactory::make (10 bytes)
Event: 8.092 Thread 0x0000012ffd29e800 nmethod 4517 0x0000012fe7839f90 code [0x0000012fe783a140, 0x0000012fe783a458]
Event: 8.092 Thread 0x0000012ffd29e800 4518       3       sun.reflect.generics.factory.CoreReflectionFactory::<init> (15 bytes)
Event: 8.092 Thread 0x0000012ffd29e800 nmethod 4518 0x0000012fe783a590 code [0x0000012fe783a740, 0x0000012fe783a9d8]
Event: 8.092 Thread 0x0000012ffd29e800 4519       3       sun.reflect.generics.repository.ConstructorRepository::getParameterTypes (27 bytes)
Event: 8.093 Thread 0x0000012ffd29e800 nmethod 4519 0x0000012fe783aa90 code [0x0000012fe783ac60, 0x0000012fe783b0c0]

GC Heap History (20 events):
Event: 3.680 GC heap before
{Heap before GC invocations=7 (full 0):
 garbage-first heap   total 54272K, used 38523K [0x0000000081800000, 0x0000000100000000)
  region size 1024K, 29 young (29696K), 2 survivors (2048K)
 Metaspace       used 25545K, capacity 26384K, committed 26416K, reserved 1073152K
  class space    used 3295K, capacity 3614K, committed 3632K, reserved 1048576K
}
Event: 3.684 GC heap after
{Heap after GC invocations=8 (full 0):
 garbage-first heap   total 54272K, used 12851K [0x0000000081800000, 0x0000000100000000)
  region size 1024K, 3 young (3072K), 3 survivors (3072K)
 Metaspace       used 25545K, capacity 26384K, committed 26416K, reserved 1073152K
  class space    used 3295K, capacity 3614K, committed 3632K, reserved 1048576K
}
Event: 3.703 GC heap before
{Heap before GC invocations=8 (full 0):
 garbage-first heap   total 54272K, used 38451K [0x0000000081800000, 0x0000000100000000)
  region size 1024K, 29 young (29696K), 3 survivors (3072K)
 Metaspace       used 25602K, capacity 26448K, committed 26672K, reserved 1073152K
  class space    used 3303K, capacity 3614K, committed 3632K, reserved 1048576K
}
Event: 3.707 GC heap after
{Heap after GC invocations=9 (full 0):
 garbage-first heap   total 54272K, used 12955K [0x0000000081800000, 0x0000000100000000)
  region size 1024K, 2 young (2048K), 2 survivors (2048K)
 Metaspace       used 25602K, capacity 26448K, committed 26672K, reserved 1073152K
  class space    used 3303K, capacity 3614K, committed 3632K, reserved 1048576K
}
Event: 3.966 GC heap before
{Heap before GC invocations=9 (full 0):
 garbage-first heap   total 54272K, used 39579K [0x0000000081800000, 0x0000000100000000)
  region size 1024K, 29 young (29696K), 2 survivors (2048K)
 Metaspace       used 26654K, capacity 27516K, committed 27568K, reserved 1073152K
  class space    used 3412K, capacity 3733K, committed 3760K, reserved 1048576K
}
Event: 3.971 GC heap after
{Heap after GC invocations=10 (full 0):
 garbage-first heap   total 54272K, used 13447K [0x0000000081800000, 0x0000000100000000)
  region size 1024K, 3 young (3072K), 3 survivors (3072K)
 Metaspace       used 26654K, capacity 27516K, committed 27568K, reserved 1073152K
  class space    used 3412K, capacity 3733K, committed 3760K, reserved 1048576K
}
Event: 4.363 GC heap before
{Heap before GC invocations=10 (full 0):
 garbage-first heap   total 54272K, used 40071K [0x0000000081800000, 0x0000000100000000)
  region size 1024K, 29 young (29696K), 3 survivors (3072K)
 Metaspace       used 27940K, capacity 28856K, committed 29104K, reserved 1075200K
  class space    used 3564K, capacity 3917K, committed 4016K, reserved 1048576K
}
Event: 4.367 GC heap after
{Heap after GC invocations=11 (full 0):
 garbage-first heap   total 54272K, used 14077K [0x0000000081800000, 0x0000000100000000)
  region size 1024K, 3 young (3072K), 3 survivors (3072K)
 Metaspace       used 27940K, capacity 28856K, committed 29104K, reserved 1075200K
  class space    used 3564K, capacity 3917K, committed 4016K, reserved 1048576K
}
Event: 4.926 GC heap before
{Heap before GC invocations=11 (full 0):
 garbage-first heap   total 54272K, used 40701K [0x0000000081800000, 0x0000000100000000)
  region size 1024K, 30 young (30720K), 3 survivors (3072K)
 Metaspace       used 30557K, capacity 31543K, committed 31792K, reserved 1077248K
  class space    used 3929K, capacity 4319K, committed 4400K, reserved 1048576K
}
Event: 4.932 GC heap after
{Heap after GC invocations=12 (full 0):
 garbage-first heap   total 65536K, used 15191K [0x0000000081800000, 0x0000000100000000)
  region size 1024K, 3 young (3072K), 3 survivors (3072K)
 Metaspace       used 30557K, capacity 31543K, committed 31792K, reserved 1077248K
  class space    used 3929K, capacity 4319K, committed 4400K, reserved 1048576K
}
Event: 5.609 GC heap before
{Heap before GC invocations=12 (full 0):
 garbage-first heap   total 65536K, used 46935K [0x0000000081800000, 0x0000000100000000)
  region size 1024K, 34 young (34816K), 3 survivors (3072K)
 Metaspace       used 33384K, capacity 34465K, committed 34736K, reserved 1079296K
  class space    used 4282K, capacity 4707K, committed 4784K, reserved 1048576K
}
Event: 5.615 GC heap after
{Heap after GC invocations=13 (full 0):
 garbage-first heap   total 65536K, used 17032K [0x0000000081800000, 0x0000000100000000)
  region size 1024K, 5 young (5120K), 5 survivors (5120K)
 Metaspace       used 33384K, capacity 34465K, committed 34736K, reserved 1079296K
  class space    used 4282K, capacity 4707K, committed 4784K, reserved 1048576K
}
Event: 5.761 GC heap before
{Heap before GC invocations=13 (full 0):
 garbage-first heap   total 65536K, used 23176K [0x0000000081800000, 0x0000000100000000)
  region size 1024K, 12 young (12288K), 5 survivors (5120K)
 Metaspace       used 34689K, capacity 35782K, committed 35888K, reserved 1081344K
  class space    used 4461K, capacity 4869K, committed 4912K, reserved 1048576K
}
Event: 5.768 GC heap after
{Heap after GC invocations=14 (full 0):
 garbage-first heap   total 65536K, used 17439K [0x0000000081800000, 0x0000000100000000)
  region size 1024K, 3 young (3072K), 3 survivors (3072K)
 Metaspace       used 34689K, capacity 35782K, committed 35888K, reserved 1081344K
  class space    used 4461K, capacity 4869K, committed 4912K, reserved 1048576K
}
Event: 6.359 GC heap before
{Heap before GC invocations=15 (full 0):
 garbage-first heap   total 65536K, used 48159K [0x0000000081800000, 0x0000000100000000)
  region size 1024K, 33 young (33792K), 3 survivors (3072K)
 Metaspace       used 40170K, capacity 41195K, committed 41372K, reserved 1085440K
  class space    used 5334K, capacity 5755K, committed 5808K, reserved 1048576K
}
Event: 6.365 GC heap after
{Heap after GC invocations=16 (full 0):
 garbage-first heap   total 65536K, used 18333K [0x0000000081800000, 0x0000000100000000)
  region size 1024K, 4 young (4096K), 4 survivors (4096K)
 Metaspace       used 40170K, capacity 41195K, committed 41372K, reserved 1085440K
  class space    used 5334K, capacity 5755K, committed 5808K, reserved 1048576K
}
Event: 7.037 GC heap before
{Heap before GC invocations=16 (full 0):
 garbage-first heap   total 65536K, used 49053K [0x0000000081800000, 0x0000000100000000)
  region size 1024K, 34 young (34816K), 4 survivors (4096K)
 Metaspace       used 46065K, capacity 47119K, committed 47260K, reserved 1089536K
  class space    used 6046K, capacity 6471K, committed 6576K, reserved 1048576K
}
Event: 7.044 GC heap after
{Heap after GC invocations=17 (full 0):
 garbage-first heap   total 78848K, used 19924K [0x0000000081800000, 0x0000000100000000)
  region size 1024K, 3 young (3072K), 3 survivors (3072K)
 Metaspace       used 46065K, capacity 47119K, committed 47260K, reserved 1089536K
  class space    used 6046K, capacity 6471K, committed 6576K, reserved 1048576K
}
Event: 8.048 GC heap before
{Heap before GC invocations=17 (full 0):
 garbage-first heap   total 78848K, used 57812K [0x0000000081800000, 0x0000000100000000)
  region size 1024K, 40 young (40960K), 3 survivors (3072K)
 Metaspace       used 52186K, capacity 53301K, committed 53532K, reserved 1095680K
  class space    used 6994K, capacity 7436K, committed 7472K, reserved 1048576K
}
Event: 8.054 GC heap after
{Heap after GC invocations=18 (full 0):
 garbage-first heap   total 78848K, used 21185K [0x0000000081800000, 0x0000000100000000)
  region size 1024K, 3 young (3072K), 3 survivors (3072K)
 Metaspace       used 52186K, capacity 53301K, committed 53532K, reserved 1095680K
  class space    used 6994K, capacity 7436K, committed 7472K, reserved 1048576K
}

Deoptimization events (20 events):
Event: 6.512 Thread 0x0000012fdcc70000 DEOPT PACKING pc=0x0000012fee4cab38 sp=0x00000029305fbd10
Event: 6.512 Thread 0x0000012fdcc70000 DEOPT UNPACKING pc=0x0000012fe697912f sp=0x00000029305fbcb8 mode 2
Event: 6.546 Thread 0x0000012fdcc70000 Uncommon trap: trap_request=0xffffffc6 fr.pc=0x0000012fee440d68 relative=0x0000000000000208
Event: 6.546 Thread 0x0000012fdcc70000 Uncommon trap: reason=bimorphic_or_optimized_type_check action=maybe_recompile pc=0x0000012fee440d68 method=java.lang.ClassLoader.loadClass(Ljava/lang/String;)Ljava/lang/Class; @ 3 c2
Event: 6.546 Thread 0x0000012fdcc70000 DEOPT PACKING pc=0x0000012fee440d68 sp=0x00000029305fb880
Event: 6.546 Thread 0x0000012fdcc70000 DEOPT UNPACKING pc=0x0000012fe697912f sp=0x00000029305fb810 mode 2
Event: 6.676 Thread 0x0000012fdcc70000 Uncommon trap: trap_request=0xffffff45 fr.pc=0x0000012fee4b4a30 relative=0x0000000000000270
Event: 6.676 Thread 0x0000012fdcc70000 Uncommon trap: reason=unstable_if action=reinterpret pc=0x0000012fee4b4a30 method=java.util.LinkedHashMap.get(Ljava/lang/Object;)Ljava/lang/Object; @ 20 c2
Event: 6.676 Thread 0x0000012fdcc70000 DEOPT PACKING pc=0x0000012fee4b4a30 sp=0x00000029305fc1c0
Event: 6.676 Thread 0x0000012fdcc70000 DEOPT UNPACKING pc=0x0000012fe697912f sp=0x00000029305fc178 mode 2
Event: 7.671 Thread 0x0000012fdcc70000 DEOPT PACKING pc=0x0000012fe77b45b4 sp=0x00000029305fa4f0
Event: 7.671 Thread 0x0000012fdcc70000 DEOPT UNPACKING pc=0x0000012fe697964e sp=0x00000029305f9990 mode 0
Event: 7.981 Thread 0x0000012fdcc70000 Uncommon trap: trap_request=0xffffff45 fr.pc=0x0000012fee4ef994 relative=0x00000000000002d4
Event: 7.981 Thread 0x0000012fdcc70000 Uncommon trap: reason=unstable_if action=reinterpret pc=0x0000012fee4ef994 method=java.util.StringTokenizer.scanToken(I)I @ 96 c2
Event: 7.981 Thread 0x0000012fdcc70000 DEOPT PACKING pc=0x0000012fee4ef994 sp=0x00000029305fc600
Event: 7.981 Thread 0x0000012fdcc70000 DEOPT UNPACKING pc=0x0000012fe697912f sp=0x00000029305fc590 mode 2
Event: 8.088 Thread 0x0000012fdcc70000 Uncommon trap: trap_request=0xffffffde fr.pc=0x0000012fee593214 relative=0x0000000000006ab4
Event: 8.088 Thread 0x0000012fdcc70000 Uncommon trap: reason=class_check action=maybe_recompile pc=0x0000012fee593214 method=org.springframework.core.ResolvableType.resolveType()Lorg/springframework/core/ResolvableType; @ 101 c2
Event: 8.088 Thread 0x0000012fdcc70000 DEOPT PACKING pc=0x0000012fee593214 sp=0x00000029305fbbc0
Event: 8.088 Thread 0x0000012fdcc70000 DEOPT UNPACKING pc=0x0000012fe697912f sp=0x00000029305fba90 mode 2

Classes unloaded (0 events):
No events

Classes redefined (0 events):
No events

Internal exceptions (20 events):
Event: 8.067 Thread 0x0000012fdcc70000 Exception <a 'java/lang/ClassNotFoundException'{0x00000000897b9b40}: org/springframework/beans/factory/BeanFactoryAwareCustomizer> (0x00000000897b9b40) 
thrown [t:/workspace/open/src/hotspot/share/classfile/systemDictionary.cpp, line 232]
Event: 8.068 Thread 0x0000012fdcc70000 Exception <a 'java/lang/ClassNotFoundException'{0x00000000897d01d0}: org/springframework/beans/factory/AwareCustomizer> (0x00000000897d01d0) 
thrown [t:/workspace/open/src/hotspot/share/classfile/systemDictionary.cpp, line 232]
Event: 8.070 Thread 0x0000012fdcc70000 Exception <a 'java/lang/ClassNotFoundException'{0x00000000897dcf10}: java/lang/ObjectCustomizer> (0x00000000897dcf10) 
thrown [t:/workspace/open/src/hotspot/share/classfile/systemDictionary.cpp, line 232]
Event: 8.071 Thread 0x0000012fdcc70000 Exception <a 'java/lang/ClassNotFoundException'{0x00000000897f6898}: com/fr/adaming/service/impl/AgentServiceImplCustomizer> (0x00000000897f6898) 
thrown [t:/workspace/open/src/hotspot/share/classfile/systemDictionary.cpp, line 232]
Event: 8.073 Thread 0x0000012fdcc70000 Exception <a 'java/lang/ClassNotFoundException'{0x0000000087610240}: com/fr/adaming/service/IAgentServiceCustomizer> (0x0000000087610240) 
thrown [t:/workspace/open/src/hotspot/share/classfile/systemDictionary.cpp, line 232]
Event: 8.076 Thread 0x0000012fdcc70000 Exception <a 'java/lang/ClassNotFoundException'{0x000000008762a5c8}: java/lang/ObjectCustomizer> (0x000000008762a5c8) 
thrown [t:/workspace/open/src/hotspot/share/classfile/systemDictionary.cpp, line 232]
Event: 8.078 Thread 0x0000012fdcc70000 Exception <a 'java/lang/ClassNotFoundException'{0x0000000087649e28}: org/springframework/data/repository/core/support/RepositoryFactoryBeanSupportCustomizer> (0x0000000087649e28) 
thrown [t:/workspace/open/src/hotspot/share/classfile/systemDictionary.cpp, line 232]
Event: 8.082 Thread 0x0000012fdcc70000 Exception <a 'java/lang/ClassNotFoundException'{0x000000008769cf90}: org/springframework/data/repository/core/support/TransactionalRepositoryFactoryBeanSupportCustomizer> (0x000000008769cf90) 
thrown [t:/workspace/open/src/hotspot/share/classfile/systemDictionary.cpp, line 232]
Event: 8.084 Thread 0x0000012fdcc70000 Exception <a 'java/lang/ClassNotFoundException'{0x00000000876c14e0}: org/springframework/data/jpa/repository/support/JpaRepositoryFactoryBeanCustomizer> (0x00000000876c14e0) 
thrown [t:/workspace/open/src/hotspot/share/classfile/systemDictionary.cpp, line 232]
Event: 8.089 Thread 0x0000012fdcc70000 Exception <a 'java/lang/ClassNotFoundException'{0x000000008751ad00}: org/springframework/beans/factory/BeanFactoryAwareCustomizer> (0x000000008751ad00) 
thrown [t:/workspace/open/src/hotspot/share/classfile/systemDictionary.cpp, line 232]
Event: 8.090 Thread 0x0000012fdcc70000 Exception <a 'java/lang/ClassNotFoundException'{0x00000000875318e0}: org/springframework/beans/factory/AwareCustomizer> (0x00000000875318e0) 
thrown [t:/workspace/open/src/hotspot/share/classfile/systemDictionary.cpp, line 232]
Event: 8.091 Thread 0x0000012fdcc70000 Exception <a 'java/lang/ClassNotFoundException'{0x0000000087548e50}: org/springframework/beans/factory/InitializingBeanCustomizer> (0x0000000087548e50) 
thrown [t:/workspace/open/src/hotspot/share/classfile/systemDictionary.cpp, line 232]
Event: 8.091 Thread 0x0000012fdcc70000 Exception <a 'java/lang/ClassNotFoundException'{0x0000000087565660}: org/springframework/data/repository/core/support/RepositoryFactoryInformationCustomizer> (0x0000000087565660) 
thrown [t:/workspace/open/src/hotspot/share/classfile/systemDictionary.cpp, line 232]
Event: 8.093 Thread 0x0000012fdcc70000 Exception <a 'java/lang/ClassNotFoundException'{0x00000000875829f8}: org/springframework/beans/factory/FactoryBeanCustomizer> (0x00000000875829f8) 
thrown [t:/workspace/open/src/hotspot/share/classfile/systemDictionary.cpp, line 232]
Event: 8.094 Thread 0x0000012fdcc70000 Exception <a 'java/lang/ClassNotFoundException'{0x000000008759d178}: org/springframework/beans/factory/BeanClassLoaderAwareCustomizer> (0x000000008759d178) 
thrown [t:/workspace/open/src/hotspot/share/classfile/systemDictionary.cpp, line 232]
Event: 8.096 Thread 0x0000012fdcc70000 Exception <a 'java/lang/ClassNotFoundException'{0x00000000875b3608}: org/springframework/beans/factory/AwareCustomizer> (0x00000000875b3608) 
thrown [t:/workspace/open/src/hotspot/share/classfile/systemDictionary.cpp, line 232]
Event: 8.096 Thread 0x0000012fdcc70000 Exception <a 'java/lang/ClassNotFoundException'{0x00000000875cab58}: org/springframework/beans/factory/BeanFactoryAwareCustomizer> (0x00000000875cab58) 
thrown [t:/workspace/open/src/hotspot/share/classfile/systemDictionary.cpp, line 232]
Event: 8.098 Thread 0x0000012fdcc70000 Exception <a 'java/lang/ClassNotFoundException'{0x00000000875e1738}: org/springframework/beans/factory/AwareCustomizer> (0x00000000875e1738) 
thrown [t:/workspace/open/src/hotspot/share/classfile/systemDictionary.cpp, line 232]
Event: 8.099 Thread 0x0000012fdcc70000 Exception <a 'java/lang/ClassNotFoundException'{0x00000000875fa1b8}: org/springframework/context/ApplicationEventPublisherAwareCustomizer> (0x00000000875fa1b8) 
thrown [t:/workspace/open/src/hotspot/share/classfile/systemDictionary.cpp, line 232]
Event: 8.100 Thread 0x0000012fdcc70000 Exception <a 'java/lang/ClassNotFoundException'{0x0000000087411270}: org/springframework/beans/factory/AwareCustomizer> (0x0000000087411270) 
thrown [t:/workspace/open/src/hotspot/share/classfile/systemDictionary.cpp, line 232]

Events (20 events):
Event: 8.097 loading class org/springframework/beans/factory/AwareCustomizer
Event: 8.097 loading class org/springframework/beans/factory/AwareCustomizer done
Event: 8.097 loading class org/springframework/beans/factory/AwareCustomizer
Event: 8.097 loading class org/springframework/beans/factory/AwareCustomizer done
Event: 8.098 loading class org/springframework/beans/factory/AwareCustomizer
Event: 8.098 loading class org/springframework/beans/factory/AwareCustomizer done
Event: 8.098 loading class org/springframework/context/ApplicationEventPublisherAwareCustomizer
Event: 8.098 loading class org/springframework/context/ApplicationEventPublisherAwareCustomizer done
Event: 8.098 loading class org/springframework/context/ApplicationEventPublisherAwareCustomizer
Event: 8.098 loading class org/springframework/context/ApplicationEventPublisherAwareCustomizer done
Event: 8.099 loading class org/springframework/context/ApplicationEventPublisherAwareCustomizer
Event: 8.099 loading class org/springframework/context/ApplicationEventPublisherAwareCustomizer done
Event: 8.099 loading class org/springframework/beans/factory/AwareCustomizer
Event: 8.099 loading class org/springframework/beans/factory/AwareCustomizer done
Event: 8.100 loading class org/springframework/beans/factory/AwareCustomizer
Event: 8.100 loading class org/springframework/beans/factory/AwareCustomizer done
Event: 8.100 loading class org/springframework/beans/factory/AwareCustomizer
Event: 8.100 loading class org/springframework/beans/factory/AwareCustomizer done
Event: 8.100 loading class org/springframework/orm/jpa/support/PersistenceAnnotationBeanPostProcessor$PersistenceElement
Event: 8.100 loading class org/springframework/orm/jpa/support/PersistenceAnnotationBeanPostProcessor$PersistenceElement done


Dynamic libraries:
0x00007ff67fb00000 - 0x00007ff67fb0f000 	C:\Program Files\Java\jdk-13\bin\javaw.exe
0x00007ffc4efc0000 - 0x00007ffc4f1ad000 	C:\Windows\SYSTEM32\ntdll.dll
0x00007ffc4ee20000 - 0x00007ffc4eed3000 	C:\Windows\System32\KERNEL32.DLL
0x00007ffc4b540000 - 0x00007ffc4b7d3000 	C:\Windows\System32\KERNELBASE.dll
0x00007ffc4b330000 - 0x00007ffc4b42a000 	C:\Windows\System32\ucrtbase.dll
0x00007ffc3dca0000 - 0x00007ffc3dcb8000 	C:\Program Files\Java\jdk-13\bin\jli.dll
0x00007ffc4ec60000 - 0x00007ffc4ed03000 	C:\Windows\System32\ADVAPI32.dll
0x00007ffc4eee0000 - 0x00007ffc4ef7e000 	C:\Windows\System32\msvcrt.dll
0x00007ffc4ed10000 - 0x00007ffc4edae000 	C:\Windows\System32\sechost.dll
0x00007ffc4c8d0000 - 0x00007ffc4c9f2000 	C:\Windows\System32\RPCRT4.dll
0x00007ffc4d120000 - 0x00007ffc4d2b7000 	C:\Windows\System32\USER32.dll
0x00007ffc4b7e0000 - 0x00007ffc4b800000 	C:\Windows\System32\win32u.dll
0x00007ffc4d4d0000 - 0x00007ffc4d4f9000 	C:\Windows\System32\GDI32.dll
0x00007ffc4b080000 - 0x00007ffc4b219000 	C:\Windows\System32\gdi32full.dll
0x00007ffc4b4a0000 - 0x00007ffc4b540000 	C:\Windows\System32\msvcp_win.dll
0x00007ffc16da0000 - 0x00007ffc16db5000 	C:\Program Files\Java\jdk-13\bin\VCRUNTIME140.dll
0x00007ffc34d70000 - 0x00007ffc34fe9000 	C:\Windows\WinSxS\amd64_microsoft.windows.common-controls_6595b64144ccf1df_6.0.17763.802_none_05b1445c0722d2cc\COMCTL32.dll
0x00007ffc4cab0000 - 0x00007ffc4cddc000 	C:\Windows\System32\combase.dll
0x00007ffc4bf80000 - 0x00007ffc4bffe000 	C:\Windows\System32\bcryptPrimitives.dll
0x00007ffc3c830000 - 0x00007ffc3c83a000 	C:\Windows\SYSTEM32\VERSION.dll
0x00007ffc4ec30000 - 0x00007ffc4ec5e000 	C:\Windows\System32\IMM32.DLL
0x00007ffc16bf0000 - 0x00007ffc16c8b000 	C:\Program Files\Java\jdk-13\bin\msvcp140.dll
0x00007ffc18df0000 - 0x00007ffc19956000 	C:\Program Files\Java\jdk-13\bin\server\jvm.dll
0x00007ffc4ef80000 - 0x00007ffc4ef88000 	C:\Windows\System32\PSAPI.DLL
0x00007ffc457e0000 - 0x00007ffc45804000 	C:\Windows\SYSTEM32\WINMM.dll
0x00007ffc3eba0000 - 0x00007ffc3eba9000 	C:\Windows\SYSTEM32\WSOCK32.dll
0x00007ffc4edb0000 - 0x00007ffc4ee1d000 	C:\Windows\System32\WS2_32.dll
0x00007ffc45690000 - 0x00007ffc456bd000 	C:\Windows\SYSTEM32\winmmbase.dll
0x00007ffc4b450000 - 0x00007ffc4b49a000 	C:\Windows\System32\cfgmgr32.dll
0x00007ffc4afb0000 - 0x00007ffc4afc1000 	C:\Windows\System32\kernel.appcore.dll
0x00007ffc3dd00000 - 0x00007ffc3dd10000 	C:\Program Files\Java\jdk-13\bin\verify.dll
0x00007ffc468a0000 - 0x00007ffc46a8d000 	C:\Windows\SYSTEM32\DBGHELP.DLL
0x00007ffc3cbf0000 - 0x00007ffc3cc1a000 	C:\Windows\SYSTEM32\dbgcore.DLL
0x00007ffc3dcd0000 - 0x00007ffc3dcf6000 	C:\Program Files\Java\jdk-13\bin\java.dll
0x00007ffc3dc80000 - 0x00007ffc3dc97000 	C:\Program Files\Java\jdk-13\bin\zip.dll
0x00007ffc3dc70000 - 0x00007ffc3dc7a000 	C:\Program Files\Java\jdk-13\bin\jimage.dll
0x00007ffc4d6b0000 - 0x00007ffc4eba4000 	C:\Windows\System32\SHELL32.dll
0x00007ffc4c750000 - 0x00007ffc4c7f8000 	C:\Windows\System32\shcore.dll
0x00007ffc4b800000 - 0x00007ffc4bf4d000 	C:\Windows\System32\windows.storage.dll
0x00007ffc4b050000 - 0x00007ffc4b074000 	C:\Windows\System32\profapi.dll
0x00007ffc4aff0000 - 0x00007ffc4b04d000 	C:\Windows\System32\powrprof.dll
0x00007ffc4c6e0000 - 0x00007ffc4c732000 	C:\Windows\System32\shlwapi.dll
0x00007ffc4b430000 - 0x00007ffc4b447000 	C:\Windows\System32\cryptsp.dll
0x00007ffc30b00000 - 0x00007ffc30b19000 	C:\Program Files\Java\jdk-13\bin\net.dll
0x00007ffc39f90000 - 0x00007ffc3a167000 	C:\Windows\SYSTEM32\urlmon.dll
0x00007ffc3a430000 - 0x00007ffc3a522000 	C:\Windows\SYSTEM32\WINHTTP.dll
0x00007ffc37700000 - 0x00007ffc379a8000 	C:\Windows\SYSTEM32\iertutil.dll
0x00007ffc4a9f0000 - 0x00007ffc4a9fc000 	C:\Windows\SYSTEM32\CRYPTBASE.DLL
0x00007ffc4a820000 - 0x00007ffc4a887000 	C:\Windows\system32\mswsock.dll
0x00007ffc30ae0000 - 0x00007ffc30af3000 	C:\Program Files\Java\jdk-13\bin\nio.dll
0x00007ffc4a540000 - 0x00007ffc4a57d000 	C:\Windows\SYSTEM32\IPHLPAPI.DLL
0x00007ffc4c740000 - 0x00007ffc4c748000 	C:\Windows\System32\NSI.dll
0x00007ffc3cae0000 - 0x00007ffc3caf6000 	C:\Windows\SYSTEM32\dhcpcsvc6.DLL
0x00007ffc3d000000 - 0x00007ffc3d01c000 	C:\Windows\SYSTEM32\dhcpcsvc.DLL
0x00007ffc4a580000 - 0x00007ffc4a646000 	C:\Windows\SYSTEM32\DNSAPI.dll
0x00007ffc1ec20000 - 0x00007ffc1ec29000 	C:\Program Files\Java\jdk-13\bin\management.dll
0x00007ffc16d90000 - 0x00007ffc16d9b000 	C:\Program Files\Java\jdk-13\bin\management_ext.dll
0x00007ffc30260000 - 0x00007ffc30276000 	C:\Windows\system32\napinsp.dll
0x00007ffc30240000 - 0x00007ffc3025a000 	C:\Windows\system32\pnrpnsp.dll
0x00007ffc30230000 - 0x00007ffc3023e000 	C:\Windows\System32\winrnr.dll
0x00007ffc3e9f0000 - 0x00007ffc3ea0b000 	C:\Windows\system32\NLAapi.dll
0x00007ffc30210000 - 0x00007ffc30225000 	C:\Windows\system32\wshbth.dll
0x00007ffc39f80000 - 0x00007ffc39f8a000 	C:\Windows\System32\rasadhlp.dll
0x00007ffc3a340000 - 0x00007ffc3a3b9000 	C:\Windows\System32\fwpuclnt.dll
0x00007ffc4bf50000 - 0x00007ffc4bf76000 	C:\Windows\System32\bcrypt.dll
0x00007ffc4a3a0000 - 0x00007ffc4a3d3000 	C:\Windows\system32\rsaenh.dll
0x00007ffc4aeb0000 - 0x00007ffc4aed8000 	C:\Windows\SYSTEM32\USERENV.dll

dbghelp: loaded successfully - version: 4.0.5 - missing functions: none
symbol engine: initialized successfully - sym options: 0x614 - pdb path: .;C:\Program Files\Java\jdk-13\bin;C:\Windows\SYSTEM32;C:\Windows\WinSxS\amd64_microsoft.windows.common-controls_6595b64144ccf1df_6.0.17763.802_none_05b1445c0722d2cc;C:\Program Files\Java\jdk-13\bin\server

VM Arguments:
jvm_args: -ea -Dfile.encoding=UTF-8 
java_command: org.eclipse.jdt.internal.junit.runner.RemoteTestRunner -version 3 -port 61837 -testLoaderClass org.eclipse.jdt.internal.junit5.runner.JUnit5TestLoader -loaderpluginname org.eclipse.jdt.junit5.runtime -test com.fr.adaming.web.controller.impl.BienControllerImplTest:ListValidBien_shouldNotReturnEmptyList
java_class_path (initial): C:\Users\IN-LY-011\Desktop\Formation JAVA\WORKSPACE\WORKSPACE_IMMOBILIER\ProjetImmobilier\target\test-classes;C:\Users\IN-LY-011\Desktop\Formation JAVA\WORKSPACE\WORKSPACE_IMMOBILIER\ProjetImmobilier\target\classes;C:\Users\IN-LY-011\.m2\repository\org\springframework\boot\spring-boot-starter-data-jpa\2.2.1.RELEASE\spring-boot-starter-data-jpa-2.2.1.RELEASE.jar;C:\Users\IN-LY-011\.m2\repository\org\springframework\boot\spring-boot-starter-aop\2.2.1.RELEASE\spring-boot-starter-aop-2.2.1.RELEASE.jar;C:\Users\IN-LY-011\.m2\repository\org\springframework\spring-aop\5.2.1.RELEASE\spring-aop-5.2.1.RELEASE.jar;C:\Users\IN-LY-011\.m2\repository\org\aspectj\aspectjweaver\1.9.4\aspectjweaver-1.9.4.jar;C:\Users\IN-LY-011\.m2\repository\org\springframework\boot\spring-boot-starter-jdbc\2.2.1.RELEASE\spring-boot-starter-jdbc-2.2.1.RELEASE.jar;C:\Users\IN-LY-011\.m2\repository\com\zaxxer\HikariCP\3.4.1\HikariCP-3.4.1.jar;C:\Users\IN-LY-011\.m2\repository\org\springframework\spring-jdbc\5.2.1.RELEASE\spring-jdbc-5.2.1.RELEASE.jar;C:\Users\IN-LY-011\.m2\repository\jakarta\activation\jakarta.activation-api\1.2.1\jakarta.activation-api-1.2.1.jar;C:\Users\IN-LY-011\.m2\repository\jakarta\persistence\jakarta.persistence-api\2.2.3\jakarta.persistence-api-2.2.3.jar;C:\Users\IN-LY-011\.m2\repository\jakarta\transaction\jakarta.transaction-api\1.3.3\jakarta.transaction-api-1.3.3.jar;C:\Users\IN-LY-011\.m2\repository\org\hibernate\hibernate-core\5.4.8.Final\hibernate-core-5.4.8.Final.jar;C:\Users\IN-LY-011\.m2\repository\org\jboss\logging\jboss-logging\3.4.1.Final\jboss-logging-3.4.1.Final.jar;C:\Users\IN-LY-011\.m2\repository\org\javassist\javassist\3.24.0-GA\javassist-3.24.0-GA.jar;C:\Users\IN-LY-011\.m2\repository\net\bytebuddy\byte-buddy\1.10.2\byte-buddy-1.10.2.jar;C:\Users\IN-LY-011\.m2\repository\antlr\antlr\2.7.7\antlr-2.7.7.jar;C:\Users\IN-LY-011\.m2\repository\org\jboss\jandex\2.0.5.Final\jandex-2.0.5.Final.jar;C:\Users\IN-LY-011\.m2\repository\com\fas
Launcher Type: SUN_STANDARD

[Global flags]
     intx CICompilerCount                          = 3                                         {product} {ergonomic}
     uint ConcGCThreads                            = 1                                         {product} {ergonomic}
     uint G1ConcRefinementThreads                  = 4                                         {product} {ergonomic}
   size_t G1HeapRegionSize                         = 1048576                                   {product} {ergonomic}
    uintx GCDrainStackTargetSize                   = 64                                        {product} {ergonomic}
   size_t InitialHeapSize                          = 134217728                                 {product} {ergonomic}
   size_t MarkStackSize                            = 4194304                                   {product} {ergonomic}
   size_t MaxHeapSize                              = 2122317824                                {product} {ergonomic}
   size_t MaxNewSize                               = 1272971264                                {product} {ergonomic}
   size_t MinHeapDeltaBytes                        = 1048576                                   {product} {ergonomic}
   size_t MinHeapSize                              = 8388608                                   {product} {ergonomic}
    uintx NonNMethodCodeHeapSize                   = 5830732                                {pd product} {ergonomic}
    uintx NonProfiledCodeHeapSize                  = 122913754                              {pd product} {ergonomic}
    uintx ProfiledCodeHeapSize                     = 122913754                              {pd product} {ergonomic}
    uintx ReservedCodeCacheSize                    = 251658240                              {pd product} {ergonomic}
     bool SegmentedCodeCache                       = true                                      {product} {ergonomic}
   size_t SoftMaxHeapSize                          = 2122317824                             {manageable} {ergonomic}
     bool UseCompressedClassPointers               = true                                 {lp64_product} {ergonomic}
     bool UseCompressedOops                        = true                                 {lp64_product} {ergonomic}
     bool UseG1GC                                  = true                                      {product} {ergonomic}
     bool UseLargePagesIndividualAllocation        = false                                  {pd product} {ergonomic}

Logging:
Log output configuration:
 #0: stdout all=warning uptime,level,tags
 #1: stderr all=off uptime,level,tags

Environment Variables:
JAVA_HOME=C:\Program Files\Java\jdk-13
PATH=C:/Program Files/Java/jdk-13/bin/server;C:/Program Files/Java/jdk-13/bin;C:\Windows\system32;C:\Windows;C:\Windows\System32\Wbem;C:\Windows\System32\WindowsPowerShell\v1.0\;C:\Windows\System32\OpenSSH\;C:\Program Files\Java\jdk-13\bin;C:\Users\IN-LY-011\Desktop\apache-maven-3.6.2-bin\apache-maven-3.6.2\bin;C:\Program Files\Git\cmd;C:\Users\IN-LY-011\AppData\Local\Microsoft\WindowsApps;;C:\Users\IN-LY-011\Desktop\sts-4.4.1.RELEASE;
USERNAME=IN-LY-011
OS=Windows_NT
PROCESSOR_IDENTIFIER=Intel64 Family 6 Model 78 Stepping 3, GenuineIntel



---------------  S Y S T E M  ---------------

OS: Windows 10 , 64 bit Build 17763 (10.0.17763.475)

CPU:total 4 (initial active 4) (2 cores per cpu, 2 threads per core) family 6 model 78 stepping 3, cmov, cx8, fxsr, mmx, sse, sse2, sse3, ssse3, sse4.1, sse4.2, popcnt, avx, avx2, aes, clmul, erms, 3dnowpref, lzcnt, ht, tsc, tscinvbit, bmi1, bmi2, adx, fma

Memory: 4k page, system-wide physical 8088M (1959M free)
TotalPageFile size 10136M (AvailPageFile size 5M)
current process WorkingSet (physical memory assigned to process): 269M, peak: 271M
current process commit charge ("private bytes"): 305M, peak: 308M

vm_info: Java HotSpot(TM) 64-Bit Server VM (13+33) for windows-amd64 JRE (13+33), built on Sep 18 2019 21:38:00 by "mach5one" with unknown MS VC++:1916

END.
